<?xml version="1.0" encoding="UTF-8"?>
<!-- Generated by org.testng.reporters.JUnitXMLReporter -->
<testsuite hostname="Ashwins-MacBook-Pro.local" ignored="0" name="Cucumber Test2" tests="5" failures="2" timestamp="04 Jun 2017 07:29:22 GMT" time="835.424" errors="0">
  <testcase name="feature" time="72.618" classname="cucumber.api.testng.AbstractTestNGCucumberTests"/>
  <testcase name="feature" time="713.462" classname="cucumber.api.testng.AbstractTestNGCucumberTests"/>
  <testcase name="feature" time="14.808" classname="cucumber.api.testng.AbstractTestNGCucumberTests">
    <failure type="cucumber.runtime.CucumberException" message="java.lang.AssertionError: expected [1] but found [14]">
      <![CDATA[cucumber.runtime.CucumberException: java.lang.AssertionError: expected [1] but found [14]
	at cucumber.api.testng.TestNGCucumberRunner.runCucumber(TestNGCucumberRunner.java:69)
	at cucumber.api.testng.AbstractTestNGCucumberTests.feature(AbstractTestNGCucumberTests.java:21)
Caused by: java.lang.AssertionError: expected [1] but found [14]
	at com.pageobjects.HomePage.checkPageisLoaded(HomePage.java:42)
	at com.pagedefinitions.HomePageStepDefinition.check_whether_page_is_loaded_within_seconds(HomePageStepDefinition.java:71)
	at ✽.Then Check whether page is loaded within 1 second(BuyInsurance.feature:5)
... Removed 31 stack frames]]>
    </failure>
  </testcase> <!-- feature -->
  <testcase name="feature" time="12.815" classname="cucumber.api.testng.AbstractTestNGCucumberTests">
    <failure type="cucumber.runtime.CucumberException" message="java.lang.AssertionError: expected [5] but found [12]">
      <![CDATA[cucumber.runtime.CucumberException: java.lang.AssertionError: expected [5] but found [12]
	at cucumber.api.testng.TestNGCucumberRunner.runCucumber(TestNGCucumberRunner.java:69)
	at cucumber.api.testng.AbstractTestNGCucumberTests.feature(AbstractTestNGCucumberTests.java:21)
Caused by: java.lang.AssertionError: expected [5] but found [12]
	at com.pageobjects.HomePage.checkPageisLoaded(HomePage.java:42)
	at com.pagedefinitions.HomePageStepDefinition.check_whether_page_is_loaded_within_seconds(HomePageStepDefinition.java:71)
	at ✽.Then Check whether page is loaded within 5 second(CheckPageLoad5Seconds.feature:5)
... Removed 31 stack frames]]>
    </failure>
  </testcase> <!-- feature -->
  <testcase name="feature" time="13.476" classname="cucumber.api.testng.AbstractTestNGCucumberTests"/>
</testsuite> <!-- Cucumber Test2 -->
